01 device_config_acked
02 pointset_request_extraneous
03 pointset_remove_point
04 pointset_remove_point
05 too_much_state
06 enumerate_features
07 valid_serial_no RESULT pass schemas device_state_stable STABLE 10/10 Schema validation passed
07 valid_serial_no RESULT pass schemas events_system_stable STABLE 10/10 Schema validation passed
07 valid_serial_no RESULT pass schemas state_update_stable STABLE 10/10 Schema validation passed
08 valid_serial_no RESULT pass schemas device_state_stable STABLE 10/10 Schema validation passed
08 valid_serial_no RESULT pass schemas state_update_stable STABLE 10/10 Schema validation passed
09 valid_serial_no RESULT pass schemas device_state_stable STABLE 10/10 Schema validation passed
09 valid_serial_no RESULT pass schemas events_system_stable STABLE 10/10 Schema validation passed
09 valid_serial_no RESULT pass schemas state_update_stable STABLE 10/10 Schema validation passed
10 writeback_success
11 writeback_success
12 writeback_success
13 writeback_operation
14 writeback_operation
15 pointset_publish_interval
16 system_min_loglevel
17 system_mode_restart
18 pointset_publish
19 broken_config RESULT fail schemas device_state_stable STABLE 10/10 Schema violations found
19 broken_config RESULT pass schemas events_system_stable STABLE 10/10 Schema validation passed
19 broken_config RESULT pass schemas state_update_stable STABLE 10/10 Schema validation passed
20 broken_config RESULT pass schemas device_state_stable STABLE 10/10 Schema validation passed
20 broken_config RESULT pass schemas events_system_stable STABLE 10/10 Schema validation passed
20 broken_config RESULT pass schemas state_update_stable STABLE 10/10 Schema validation passed
21 broken_config RESULT fail schemas events_system_stable STABLE 10/10 Schema violations found
22 broken_config RESULT fail schemas state_update_stable STABLE 10/10 Schema violations found
23 broken_config RESULT pass schemas device_state_stable STABLE 10/10 Schema validation passed
24 broken_config RESULT pass schemas device_state_stable STABLE 10/10 Schema validation passed
24 broken_config RESULT pass schemas events_system_stable STABLE 10/10 Schema validation passed
24 broken_config RESULT pass schemas state_update_stable STABLE 10/10 Schema validation passed
25 broken_config RESULT pass schemas events_system_stable STABLE 10/10 Schema validation passed
25 broken_config RESULT pass schemas state_update_stable STABLE 10/10 Schema validation passed
26 broken_config RESULT pass schemas device_state_stable STABLE 10/10 Schema validation passed
26 broken_config RESULT pass schemas events_system_stable STABLE 10/10 Schema validation passed
26 broken_config RESULT pass schemas state_update_stable STABLE 10/10 Schema validation passed
27 broken_config RESULT fail schemas events_system_stable STABLE 10/10 Schema violations found
27 broken_config RESULT fail schemas state_update_stable STABLE 10/10 Schema violations found
27 broken_config RESULT pass schemas device_state_stable STABLE 10/10 Schema validation passed
28 system_last_update RESULT fail schemas state_update_stable STABLE 10/10 Schema violations found
28 system_last_update RESULT pass schemas device_state_stable STABLE 10/10 Schema validation passed
28 system_last_update RESULT pass schemas events_system_stable STABLE 10/10 Schema validation passed
29 system_last_update RESULT fail schemas device_state_stable STABLE 10/10 Schema violations found
29 system_last_update RESULT pass schemas events_system_stable STABLE 10/10 Schema validation passed
29 system_last_update RESULT pass schemas state_update_stable STABLE 10/10 Schema validation passed
30 system_last_update RESULT fail schemas events_system_stable STABLE 10/10 Schema violations found
30 system_last_update RESULT fail schemas state_update_stable STABLE 10/10 Schema violations found
30 system_last_update RESULT pass schemas device_state_stable STABLE 10/10 Schema validation passed
31 state_make_model
35 valid_serial_no
36 system_last_update RESULT fail schemas events_system_stable STABLE 10/10 Schema violations found
37 system_last_update RESULT fail schemas state_update_stable STABLE 10/10 Schema violations found
38 system_last_update RESULT pass schemas device_state_stable STABLE 10/10 Schema validation passed
39 system_min_loglevel RESULT fail schemas device_state_alpha ALPHA 10/10 Schema violations found
39 system_min_loglevel RESULT pass schemas events_system_alpha ALPHA 10/10 Schema validation passed
39 system_min_loglevel RESULT pass schemas state_update_alpha ALPHA 10/10 Schema validation passed
40 system_min_loglevel RESULT pass schemas device_state_alpha ALPHA 10/10 Schema validation passed
40 system_min_loglevel RESULT pass schemas events_system_alpha ALPHA 10/10 Schema validation passed
44 gateway_proxy_events
45 gateway_proxy_events
46 gateway_proxy_state
47 gateway_proxy_state
48 scan_single_future
49 scan_periodic_now_enumerate
53 gateway_proxy_events
54 gateway_proxy_events
55 gateway_proxy_state
59 device_config_acked
60 bad_target_family
61 bad_target_address
62 bad_point_ref
66 bad_point_ref
